{"/Users/mac/Desktop/odev05/src/client/game.jsx": {"path":"/Users/mac/Desktop/odev05/src/client/game.jsx","statementMap":{"0":{"start":{"line":5,"column":8},"end":{"line":5,"column":21}},"1":{"start":{"line":6,"column":8},"end":{"line":12,"column":9}},"2":{"start":{"line":16,"column":14},"end":{"line":45,"column":5}},"3":{"start":{"line":17,"column":61},"end":{"line":17,"column":71}},"4":{"start":{"line":19,"column":8},"end":{"line":44,"column":9}},"5":{"start":{"line":20,"column":29},"end":{"line":20,"column":38}},"6":{"start":{"line":23,"column":12},"end":{"line":31,"column":13}},"7":{"start":{"line":24,"column":16},"end":{"line":24,"column":48}},"8":{"start":{"line":25,"column":16},"end":{"line":25,"column":39}},"9":{"start":{"line":27,"column":16},"end":{"line":27,"column":89}},"10":{"start":{"line":28,"column":16},"end":{"line":30,"column":17}},"11":{"start":{"line":29,"column":20},"end":{"line":29,"column":44}},"12":{"start":{"line":32,"column":12},"end":{"line":36,"column":15}},"13":{"start":{"line":38,"column":12},"end":{"line":42,"column":13}},"14":{"start":{"line":39,"column":16},"end":{"line":41,"column":18}},"15":{"start":{"line":47,"column":15},"end":{"line":55,"column":5}},"16":{"start":{"line":48,"column":8},"end":{"line":54,"column":10}},"17":{"start":{"line":58,"column":32},"end":{"line":58,"column":42}},"18":{"start":{"line":59,"column":8},"end":{"line":73,"column":10}},"19":{"start":{"line":63,"column":66},"end":{"line":63,"column":81}},"20":{"start":{"line":64,"column":66},"end":{"line":64,"column":81}},"21":{"start":{"line":65,"column":66},"end":{"line":65,"column":81}}},"fnMap":{"0":{"name":"(anonymous_0)","decl":{"start":{"line":4,"column":4},"end":{"line":4,"column":5}},"loc":{"start":{"line":4,"column":23},"end":{"line":13,"column":5}},"line":4},"1":{"name":"(anonymous_1)","decl":{"start":{"line":16,"column":14},"end":{"line":16,"column":15}},"loc":{"start":{"line":16,"column":25},"end":{"line":45,"column":5}},"line":16},"2":{"name":"(anonymous_2)","decl":{"start":{"line":47,"column":15},"end":{"line":47,"column":16}},"loc":{"start":{"line":47,"column":21},"end":{"line":55,"column":5}},"line":47},"3":{"name":"(anonymous_3)","decl":{"start":{"line":57,"column":4},"end":{"line":57,"column":5}},"loc":{"start":{"line":57,"column":12},"end":{"line":74,"column":5}},"line":57},"4":{"name":"(anonymous_4)","decl":{"start":{"line":63,"column":61},"end":{"line":63,"column":62}},"loc":{"start":{"line":63,"column":65},"end":{"line":63,"column":82}},"line":63},"5":{"name":"(anonymous_5)","decl":{"start":{"line":64,"column":61},"end":{"line":64,"column":62}},"loc":{"start":{"line":64,"column":65},"end":{"line":64,"column":82}},"line":64},"6":{"name":"(anonymous_6)","decl":{"start":{"line":65,"column":61},"end":{"line":65,"column":62}},"loc":{"start":{"line":65,"column":65},"end":{"line":65,"column":82}},"line":65}},"branchMap":{"0":{"loc":{"start":{"line":19,"column":8},"end":{"line":44,"column":9}},"type":"if","locations":[{"start":{"line":19,"column":8},"end":{"line":44,"column":9}},{"start":{},"end":{}}],"line":19},"1":{"loc":{"start":{"line":23,"column":12},"end":{"line":31,"column":13}},"type":"if","locations":[{"start":{"line":23,"column":12},"end":{"line":31,"column":13}},{"start":{"line":26,"column":18},"end":{"line":31,"column":13}}],"line":23},"2":{"loc":{"start":{"line":27,"column":16},"end":{"line":27,"column":88}},"type":"binary-expr","locations":[{"start":{"line":27,"column":17},"end":{"line":27,"column":49}},{"start":{"line":27,"column":55},"end":{"line":27,"column":87}}],"line":27},"3":{"loc":{"start":{"line":28,"column":16},"end":{"line":30,"column":17}},"type":"if","locations":[{"start":{"line":28,"column":16},"end":{"line":30,"column":17}},{"start":{},"end":{}}],"line":28},"4":{"loc":{"start":{"line":38,"column":12},"end":{"line":42,"column":13}},"type":"if","locations":[{"start":{"line":38,"column":12},"end":{"line":42,"column":13}},{"start":{},"end":{}}],"line":38},"5":{"loc":{"start":{"line":67,"column":24},"end":{"line":67,"column":91}},"type":"cond-expr","locations":[{"start":{"line":67,"column":30},"end":{"line":67,"column":35}},{"start":{"line":67,"column":36},"end":{"line":67,"column":91}}],"line":67},"6":{"loc":{"start":{"line":68,"column":21},"end":{"line":70,"column":24}},"type":"binary-expr","locations":[{"start":{"line":68,"column":21},"end":{"line":68,"column":26}},{"start":{"line":68,"column":30},"end":{"line":70,"column":24}}],"line":68}},"s":{"0":4,"1":4,"2":4,"3":1,"4":1,"5":1,"6":1,"7":0,"8":0,"9":1,"10":1,"11":0,"12":1,"13":1,"14":0,"15":4,"16":0,"17":5,"18":5,"19":1,"20":0,"21":0},"f":{"0":4,"1":1,"2":0,"3":5,"4":1,"5":0,"6":0},"b":{"0":[1,0],"1":[0,1],"2":[1,0],"3":[0,1],"4":[0,1],"5":[0,5],"6":[5,0]},"_coverageSchema":"1a1c01bbd47fc00a2c39e90264f33305004495a9","hash":"29190d95ac4011626cbc8e91ce2e2e58fc404ab3"}
,"/Users/mac/Desktop/odev05/src/client/home.jsx": {"path":"/Users/mac/Desktop/odev05/src/client/home.jsx","statementMap":{"0":{"start":{"line":6,"column":8},"end":{"line":16,"column":9}}},"fnMap":{"0":{"name":"(anonymous_0)","decl":{"start":{"line":5,"column":4},"end":{"line":5,"column":5}},"loc":{"start":{"line":5,"column":12},"end":{"line":17,"column":5}},"line":5}},"branchMap":{},"s":{"0":0},"f":{"0":0},"b":{}}
,"/Users/mac/Desktop/odev05/src/client/index.jsx": {"path":"/Users/mac/Desktop/odev05/src/client/index.jsx","statementMap":{"0":{"start":{"line":7,"column":17},"end":{"line":15,"column":1}},"1":{"start":{"line":8,"column":4},"end":{"line":14,"column":5}},"2":{"start":{"line":18,"column":8},"end":{"line":28,"column":9}},"3":{"start":{"line":31,"column":0},"end":{"line":31,"column":56}}},"fnMap":{"0":{"name":"(anonymous_0)","decl":{"start":{"line":7,"column":17},"end":{"line":7,"column":18}},"loc":{"start":{"line":7,"column":23},"end":{"line":15,"column":1}},"line":7},"1":{"name":"(anonymous_1)","decl":{"start":{"line":17,"column":4},"end":{"line":17,"column":5}},"loc":{"start":{"line":17,"column":13},"end":{"line":29,"column":5}},"line":17}},"branchMap":{},"s":{"0":0,"1":0,"2":0,"3":0},"f":{"0":0,"1":0},"b":{}}
,"/Users/mac/Desktop/odev05/src/client/oyun.js": {"path":"/Users/mac/Desktop/odev05/src/client/oyun.js","statementMap":{"0":{"start":{"line":1,"column":14},"end":{"line":1,"column":47}},"1":{"start":{"line":5,"column":20},"end":{"line":15,"column":1}},"2":{"start":{"line":6,"column":4},"end":{"line":6,"column":18}},"3":{"start":{"line":7,"column":4},"end":{"line":14,"column":5}},"4":{"start":{"line":8,"column":24},"end":{"line":8,"column":57}},"5":{"start":{"line":9,"column":8},"end":{"line":9,"column":143}},"6":{"start":{"line":12,"column":24},"end":{"line":12,"column":57}},"7":{"start":{"line":13,"column":8},"end":{"line":13,"column":127}},"8":{"start":{"line":16,"column":20},"end":{"line":26,"column":1}},"9":{"start":{"line":17,"column":4},"end":{"line":17,"column":18}},"10":{"start":{"line":18,"column":4},"end":{"line":25,"column":5}},"11":{"start":{"line":19,"column":24},"end":{"line":19,"column":57}},"12":{"start":{"line":20,"column":8},"end":{"line":20,"column":143}},"13":{"start":{"line":23,"column":24},"end":{"line":23,"column":57}},"14":{"start":{"line":24,"column":8},"end":{"line":24,"column":127}},"15":{"start":{"line":27,"column":20},"end":{"line":37,"column":1}},"16":{"start":{"line":28,"column":4},"end":{"line":28,"column":18}},"17":{"start":{"line":29,"column":4},"end":{"line":36,"column":5}},"18":{"start":{"line":30,"column":24},"end":{"line":30,"column":57}},"19":{"start":{"line":31,"column":8},"end":{"line":31,"column":143}},"20":{"start":{"line":34,"column":24},"end":{"line":34,"column":57}},"21":{"start":{"line":35,"column":8},"end":{"line":35,"column":127}},"22":{"start":{"line":42,"column":17},"end":{"line":42,"column":55}},"23":{"start":{"line":43,"column":4},"end":{"line":43,"column":26}},"24":{"start":{"line":44,"column":17},"end":{"line":44,"column":55}},"25":{"start":{"line":45,"column":4},"end":{"line":45,"column":26}},"26":{"start":{"line":46,"column":17},"end":{"line":46,"column":55}},"27":{"start":{"line":47,"column":4},"end":{"line":47,"column":26}}},"fnMap":{"0":{"name":"(anonymous_0)","decl":{"start":{"line":5,"column":20},"end":{"line":5,"column":21}},"loc":{"start":{"line":5,"column":26},"end":{"line":15,"column":1}},"line":5},"1":{"name":"(anonymous_1)","decl":{"start":{"line":16,"column":20},"end":{"line":16,"column":21}},"loc":{"start":{"line":16,"column":26},"end":{"line":26,"column":1}},"line":16},"2":{"name":"(anonymous_2)","decl":{"start":{"line":27,"column":20},"end":{"line":27,"column":21}},"loc":{"start":{"line":27,"column":26},"end":{"line":37,"column":1}},"line":27},"3":{"name":"random","decl":{"start":{"line":41,"column":9},"end":{"line":41,"column":15}},"loc":{"start":{"line":41,"column":18},"end":{"line":48,"column":1}},"line":41}},"branchMap":{"0":{"loc":{"start":{"line":7,"column":4},"end":{"line":14,"column":5}},"type":"if","locations":[{"start":{"line":7,"column":4},"end":{"line":14,"column":5}},{"start":{"line":11,"column":9},"end":{"line":14,"column":5}}],"line":7},"1":{"loc":{"start":{"line":18,"column":4},"end":{"line":25,"column":5}},"type":"if","locations":[{"start":{"line":18,"column":4},"end":{"line":25,"column":5}},{"start":{"line":22,"column":9},"end":{"line":25,"column":5}}],"line":18},"2":{"loc":{"start":{"line":29,"column":4},"end":{"line":36,"column":5}},"type":"if","locations":[{"start":{"line":29,"column":4},"end":{"line":36,"column":5}},{"start":{"line":33,"column":9},"end":{"line":36,"column":5}}],"line":29}},"s":{"0":0,"1":0,"2":0,"3":0,"4":0,"5":0,"6":0,"7":0,"8":0,"9":0,"10":0,"11":0,"12":0,"13":0,"14":0,"15":0,"16":0,"17":0,"18":0,"19":0,"20":0,"21":0,"22":0,"23":0,"24":0,"25":0,"26":0,"27":0},"f":{"0":0,"1":0,"2":0,"3":0},"b":{"0":[0,0],"1":[0,0],"2":[0,0]}}
,"/Users/mac/Desktop/odev05/src/server/server.js": {"path":"/Users/mac/Desktop/odev05/src/server/server.js","statementMap":{"0":{"start":{"line":1,"column":16},"end":{"line":1,"column":34}},"1":{"start":{"line":2,"column":13},"end":{"line":2,"column":28}},"2":{"start":{"line":4,"column":12},"end":{"line":4,"column":21}},"3":{"start":{"line":6,"column":0},"end":{"line":6,"column":34}},"4":{"start":{"line":8,"column":0},"end":{"line":10,"column":3}},"5":{"start":{"line":9,"column":4},"end":{"line":9,"column":78}},"6":{"start":{"line":12,"column":13},"end":{"line":12,"column":37}},"7":{"start":{"line":14,"column":0},"end":{"line":16,"column":2}},"8":{"start":{"line":15,"column":4},"end":{"line":15,"column":41}}},"fnMap":{"0":{"name":"(anonymous_0)","decl":{"start":{"line":8,"column":8},"end":{"line":8,"column":9}},"loc":{"start":{"line":8,"column":28},"end":{"line":10,"column":1}},"line":8},"1":{"name":"(anonymous_1)","decl":{"start":{"line":14,"column":17},"end":{"line":14,"column":18}},"loc":{"start":{"line":14,"column":22},"end":{"line":16,"column":1}},"line":14}},"branchMap":{"0":{"loc":{"start":{"line":12,"column":13},"end":{"line":12,"column":37}},"type":"binary-expr","locations":[{"start":{"line":12,"column":13},"end":{"line":12,"column":29}},{"start":{"line":12,"column":33},"end":{"line":12,"column":37}}],"line":12}},"s":{"0":0,"1":0,"2":0,"3":0,"4":0,"5":0,"6":0,"7":0,"8":0},"f":{"0":0,"1":0},"b":{"0":[0,0]}}
}
