{"/Users/mac/Desktop/odev04/src/Game.jsx": {"path":"/Users/mac/Desktop/odev04/src/Game.jsx","statementMap":{"0":{"start":{"line":7,"column":8},"end":{"line":7,"column":21}},"1":{"start":{"line":8,"column":8},"end":{"line":12,"column":9}},"2":{"start":{"line":15,"column":8},"end":{"line":18,"column":10}}},"fnMap":{"0":{"name":"(anonymous_0)","decl":{"start":{"line":6,"column":4},"end":{"line":6,"column":5}},"loc":{"start":{"line":6,"column":23},"end":{"line":13,"column":5}},"line":6},"1":{"name":"(anonymous_1)","decl":{"start":{"line":14,"column":4},"end":{"line":14,"column":5}},"loc":{"start":{"line":14,"column":13},"end":{"line":19,"column":5}},"line":14}},"branchMap":{},"s":{"0":0,"1":0,"2":0},"f":{"0":0,"1":0},"b":{},"_coverageSchema":"1a1c01bbd47fc00a2c39e90264f33305004495a9","hash":"8827ab28e60af9c160423eeb23089c6ef942edc2"}
,"/Users/mac/Desktop/odev04/src/container.jsx": {"path":"/Users/mac/Desktop/odev04/src/container.jsx","statementMap":{"0":{"start":{"line":5,"column":8},"end":{"line":9,"column":10}}},"fnMap":{"0":{"name":"(anonymous_0)","decl":{"start":{"line":4,"column":4},"end":{"line":4,"column":5}},"loc":{"start":{"line":4,"column":13},"end":{"line":10,"column":5}},"line":4}},"branchMap":{},"s":{"0":0},"f":{"0":0},"b":{},"_coverageSchema":"1a1c01bbd47fc00a2c39e90264f33305004495a9","hash":"7a3403bfef6ace358972211b38da70b7c03aa266"}
,"/Users/mac/Desktop/odev04/src/index.jsx": {"path":"/Users/mac/Desktop/odev04/src/index.jsx","statementMap":{"0":{"start":{"line":7,"column":8},"end":{"line":20,"column":15}},"1":{"start":{"line":11,"column":62},"end":{"line":11,"column":77}},"2":{"start":{"line":12,"column":62},"end":{"line":12,"column":77}},"3":{"start":{"line":13,"column":62},"end":{"line":13,"column":77}},"4":{"start":{"line":23,"column":0},"end":{"line":23,"column":56}}},"fnMap":{"0":{"name":"(anonymous_0)","decl":{"start":{"line":6,"column":4},"end":{"line":6,"column":5}},"loc":{"start":{"line":6,"column":13},"end":{"line":21,"column":5}},"line":6},"1":{"name":"(anonymous_1)","decl":{"start":{"line":11,"column":57},"end":{"line":11,"column":58}},"loc":{"start":{"line":11,"column":61},"end":{"line":11,"column":78}},"line":11},"2":{"name":"(anonymous_2)","decl":{"start":{"line":12,"column":57},"end":{"line":12,"column":58}},"loc":{"start":{"line":12,"column":61},"end":{"line":12,"column":78}},"line":12},"3":{"name":"(anonymous_3)","decl":{"start":{"line":13,"column":57},"end":{"line":13,"column":58}},"loc":{"start":{"line":13,"column":61},"end":{"line":13,"column":78}},"line":13}},"branchMap":{"0":{"loc":{"start":{"line":15,"column":20},"end":{"line":15,"column":87}},"type":"cond-expr","locations":[{"start":{"line":15,"column":26},"end":{"line":15,"column":31}},{"start":{"line":15,"column":32},"end":{"line":15,"column":87}}],"line":15},"1":{"loc":{"start":{"line":16,"column":17},"end":{"line":18,"column":20}},"type":"binary-expr","locations":[{"start":{"line":16,"column":17},"end":{"line":16,"column":22}},{"start":{"line":16,"column":26},"end":{"line":18,"column":20}}],"line":16}},"s":{"0":0,"1":0,"2":0,"3":0,"4":0},"f":{"0":0,"1":0,"2":0,"3":0},"b":{"0":[0,0],"1":[0,0]}}
,"/Users/mac/Desktop/odev04/src/oyun.js": {"path":"/Users/mac/Desktop/odev04/src/oyun.js","statementMap":{"0":{"start":{"line":1,"column":14},"end":{"line":1,"column":47}},"1":{"start":{"line":5,"column":20},"end":{"line":15,"column":1}},"2":{"start":{"line":6,"column":4},"end":{"line":6,"column":18}},"3":{"start":{"line":7,"column":4},"end":{"line":14,"column":5}},"4":{"start":{"line":8,"column":24},"end":{"line":8,"column":57}},"5":{"start":{"line":9,"column":8},"end":{"line":9,"column":143}},"6":{"start":{"line":12,"column":24},"end":{"line":12,"column":57}},"7":{"start":{"line":13,"column":8},"end":{"line":13,"column":127}},"8":{"start":{"line":16,"column":20},"end":{"line":26,"column":1}},"9":{"start":{"line":17,"column":4},"end":{"line":17,"column":18}},"10":{"start":{"line":18,"column":4},"end":{"line":25,"column":5}},"11":{"start":{"line":19,"column":24},"end":{"line":19,"column":57}},"12":{"start":{"line":20,"column":8},"end":{"line":20,"column":143}},"13":{"start":{"line":23,"column":24},"end":{"line":23,"column":57}},"14":{"start":{"line":24,"column":8},"end":{"line":24,"column":127}},"15":{"start":{"line":27,"column":20},"end":{"line":37,"column":1}},"16":{"start":{"line":28,"column":4},"end":{"line":28,"column":18}},"17":{"start":{"line":29,"column":4},"end":{"line":36,"column":5}},"18":{"start":{"line":30,"column":24},"end":{"line":30,"column":57}},"19":{"start":{"line":31,"column":8},"end":{"line":31,"column":143}},"20":{"start":{"line":34,"column":24},"end":{"line":34,"column":57}},"21":{"start":{"line":35,"column":8},"end":{"line":35,"column":127}},"22":{"start":{"line":42,"column":17},"end":{"line":42,"column":55}},"23":{"start":{"line":43,"column":4},"end":{"line":43,"column":26}},"24":{"start":{"line":44,"column":17},"end":{"line":44,"column":55}},"25":{"start":{"line":45,"column":4},"end":{"line":45,"column":26}},"26":{"start":{"line":46,"column":17},"end":{"line":46,"column":55}},"27":{"start":{"line":47,"column":4},"end":{"line":47,"column":26}}},"fnMap":{"0":{"name":"(anonymous_0)","decl":{"start":{"line":5,"column":20},"end":{"line":5,"column":21}},"loc":{"start":{"line":5,"column":26},"end":{"line":15,"column":1}},"line":5},"1":{"name":"(anonymous_1)","decl":{"start":{"line":16,"column":20},"end":{"line":16,"column":21}},"loc":{"start":{"line":16,"column":26},"end":{"line":26,"column":1}},"line":16},"2":{"name":"(anonymous_2)","decl":{"start":{"line":27,"column":20},"end":{"line":27,"column":21}},"loc":{"start":{"line":27,"column":26},"end":{"line":37,"column":1}},"line":27},"3":{"name":"random","decl":{"start":{"line":41,"column":9},"end":{"line":41,"column":15}},"loc":{"start":{"line":41,"column":18},"end":{"line":48,"column":1}},"line":41}},"branchMap":{"0":{"loc":{"start":{"line":7,"column":4},"end":{"line":14,"column":5}},"type":"if","locations":[{"start":{"line":7,"column":4},"end":{"line":14,"column":5}},{"start":{"line":11,"column":9},"end":{"line":14,"column":5}}],"line":7},"1":{"loc":{"start":{"line":18,"column":4},"end":{"line":25,"column":5}},"type":"if","locations":[{"start":{"line":18,"column":4},"end":{"line":25,"column":5}},{"start":{"line":22,"column":9},"end":{"line":25,"column":5}}],"line":18},"2":{"loc":{"start":{"line":29,"column":4},"end":{"line":36,"column":5}},"type":"if","locations":[{"start":{"line":29,"column":4},"end":{"line":36,"column":5}},{"start":{"line":33,"column":9},"end":{"line":36,"column":5}}],"line":29}},"s":{"0":1,"1":1,"2":0,"3":0,"4":0,"5":0,"6":0,"7":0,"8":1,"9":0,"10":0,"11":0,"12":0,"13":0,"14":0,"15":1,"16":0,"17":0,"18":0,"19":0,"20":0,"21":0,"22":0,"23":0,"24":0,"25":0,"26":0,"27":0},"f":{"0":0,"1":0,"2":0,"3":0},"b":{"0":[0,0],"1":[0,0],"2":[0,0]},"_coverageSchema":"1a1c01bbd47fc00a2c39e90264f33305004495a9","hash":"b23199724dd4610ba54b1b793f943c8b4b760ddf"}
}
