TN:
SF:src/client/game.jsx
FN:4,(anonymous_0)
FN:16,(anonymous_1)
FN:47,(anonymous_2)
FN:57,(anonymous_3)
FN:63,(anonymous_4)
FN:64,(anonymous_5)
FN:65,(anonymous_6)
FNF:7
FNH:4
FNDA:4,(anonymous_0)
FNDA:1,(anonymous_1)
FNDA:0,(anonymous_2)
FNDA:5,(anonymous_3)
FNDA:1,(anonymous_4)
FNDA:0,(anonymous_5)
FNDA:0,(anonymous_6)
DA:5,4
DA:6,4
DA:16,4
DA:17,1
DA:19,1
DA:20,1
DA:23,1
DA:24,0
DA:25,0
DA:27,1
DA:28,1
DA:29,0
DA:32,1
DA:38,1
DA:39,0
DA:47,4
DA:48,0
DA:58,5
DA:59,5
DA:63,1
DA:64,0
DA:65,0
LF:22
LH:15
BRDA:19,0,0,1
BRDA:19,0,1,0
BRDA:23,1,0,0
BRDA:23,1,1,1
BRDA:27,2,0,1
BRDA:27,2,1,0
BRDA:28,3,0,0
BRDA:28,3,1,1
BRDA:38,4,0,0
BRDA:38,4,1,1
BRDA:67,5,0,0
BRDA:67,5,1,5
BRDA:68,6,0,5
BRDA:68,6,1,0
BRF:14
BRH:7
end_of_record
TN:
SF:src/client/home.jsx
FN:5,(anonymous_0)
FNF:1
FNH:0
FNDA:0,(anonymous_0)
DA:6,0
LF:1
LH:0
BRF:0
BRH:0
end_of_record
TN:
SF:src/client/index.jsx
FN:7,(anonymous_0)
FN:17,(anonymous_1)
FNF:2
FNH:0
FNDA:0,(anonymous_0)
FNDA:0,(anonymous_1)
DA:7,0
DA:8,0
DA:18,0
DA:31,0
LF:4
LH:0
BRF:0
BRH:0
end_of_record
TN:
SF:src/client/oyun.js
FN:5,(anonymous_0)
FN:16,(anonymous_1)
FN:27,(anonymous_2)
FN:41,random
FNF:4
FNH:0
FNDA:0,(anonymous_0)
FNDA:0,(anonymous_1)
FNDA:0,(anonymous_2)
FNDA:0,random
DA:1,0
DA:5,0
DA:6,0
DA:7,0
DA:8,0
DA:9,0
DA:12,0
DA:13,0
DA:16,0
DA:17,0
DA:18,0
DA:19,0
DA:20,0
DA:23,0
DA:24,0
DA:27,0
DA:28,0
DA:29,0
DA:30,0
DA:31,0
DA:34,0
DA:35,0
DA:42,0
DA:43,0
DA:44,0
DA:45,0
DA:46,0
DA:47,0
LF:28
LH:0
BRDA:7,0,0,0
BRDA:7,0,1,0
BRDA:18,1,0,0
BRDA:18,1,1,0
BRDA:29,2,0,0
BRDA:29,2,1,0
BRF:6
BRH:0
end_of_record
TN:
SF:src/server/server.js
FN:8,(anonymous_0)
FN:14,(anonymous_1)
FNF:2
FNH:0
FNDA:0,(anonymous_0)
FNDA:0,(anonymous_1)
DA:1,0
DA:2,0
DA:4,0
DA:6,0
DA:8,0
DA:9,0
DA:12,0
DA:14,0
DA:15,0
LF:9
LH:0
BRDA:12,0,0,0
BRDA:12,0,1,0
BRF:2
BRH:0
end_of_record
